<?xml version="1.0" encoding="UTF-8" ?>
<testsuite tests="21" failures="4" name="com.xebialabs.xltest.reference.mvnjunitcucumber.p1.MvnJunitCucumber1Test" time="0.008" errors="2" skipped="0">
  <properties>
[...]
</properties>
  <testcase classname="Scenario: Perform a reference test" name="Given a test with parameter 3" time="0.002"/>
  <testcase classname="Scenario: Perform a reference test" name="When and another parameter &apos;a&apos;" time="0"/>
  <testcase classname="Scenario: Perform a reference test" name="Then we still succeed" time="0"/>
  <testcase classname="Scenario: Perform a reference test" name="And we still fail" time="0.002">
    <failure type="java.lang.AssertionError">java.lang.AssertionError
	at org.junit.Assert.fail(Assert.java:86)
	at org.junit.Assert.assertTrue(Assert.java:41)
	at org.junit.Assert.assertTrue(Assert.java:52)
	at com.xebialabs.xltest.reference.mvnjunitcucumber.p1.MvnJunitCucumber1Steps.willFail2(MvnJunitCucumber1Steps.java:50)
	at ✽.And we still fail(com/xebialabs/xltest/reference/mvnjunitcucumber/p1/FailureWithParametersTest.feature:8)
</failure>
  </testcase>
  <testcase classname="Scenario: Perform a reference test" name="Scenario: Perform a reference test" time="0.002">
    <failure type="java.lang.AssertionError">java.lang.AssertionError
	at org.junit.Assert.fail(Assert.java:86)
	at org.junit.Assert.assertTrue(Assert.java:41)
	at org.junit.Assert.assertTrue(Assert.java:52)
	at com.xebialabs.xltest.reference.mvnjunitcucumber.p1.MvnJunitCucumber1Steps.willFail2(MvnJunitCucumber1Steps.java:50)
	at ✽.And we still fail(com/xebialabs/xltest/reference/mvnjunitcucumber/p1/FailureWithParametersTest.feature:8)
</failure>
  </testcase>
  <testcase classname="Scenario: Perform a reference test" name="Given a test without parameters" time="0"/>
  <testcase classname="Scenario: Perform a reference test" name="When doing nothing" time="0"/>
  <testcase classname="Scenario: Perform a reference test" name="Then I will succeed" time="0"/>
  <testcase classname="Scenario: Perform a reference test" name="Then I will succeed" time="0"/>
  <testcase classname="Scenario: Perform a reference test" name="Given a test with parameter 3" time="0.001"/>
  <testcase classname="Scenario: Perform a reference test" name="When and another parameter &apos;a&apos;" time="0"/>
  <testcase classname="Scenario: Perform a reference test" name="Then we still succeed" time="0"/>
  <testcase classname="Scenario: Perform a reference test" name="Scenario: Perform a reference test" time="0"/>
  <testcase classname="Scenario: Perform a reference test" name="Given a test without parameters" time="0"/>
  <testcase classname="Scenario: Perform a reference test" name="When doing nothing" time="0"/>
  <testcase classname="Scenario: Perform a reference test" name="Then I will succeed" time="0"/>
  <testcase classname="Scenario: Perform a reference test" name="And I will fail" time="0">
    <failure type="java.lang.AssertionError">java.lang.AssertionError
	at org.junit.Assert.fail(Assert.java:86)
	at org.junit.Assert.assertTrue(Assert.java:41)
	at org.junit.Assert.assertTrue(Assert.java:52)
	at com.xebialabs.xltest.reference.mvnjunitcucumber.p1.MvnJunitCucumber1Steps.willFail(MvnJunitCucumber1Steps.java:26)
	at ✽.And I will fail(com/xebialabs/xltest/reference/mvnjunitcucumber/p1/MvnJunitCucumber2Test.feature:8)
</failure>
  </testcase>
  <testcase classname="Scenario: Perform a reference test" name="Scenario: Perform a reference test" time="0.001">
    <failure type="java.lang.AssertionError">java.lang.AssertionError
	at org.junit.Assert.fail(Assert.java:86)
	at org.junit.Assert.assertTrue(Assert.java:41)
	at org.junit.Assert.assertTrue(Assert.java:52)
	at com.xebialabs.xltest.reference.mvnjunitcucumber.p1.MvnJunitCucumber1Steps.willFail(MvnJunitCucumber1Steps.java:26)
	at ✽.And I will fail(com/xebialabs/xltest/reference/mvnjunitcucumber/p1/MvnJunitCucumber2Test.feature:8)
</failure>
  </testcase>
  <testcase classname="Scenario: Perform a reference test" name="Given a test without parameters" time="0"/>
  <testcase classname="Scenario: Perform a reference test" name="Then I will throw" time="0">
    <error message="Boom!" type="java.lang.RuntimeException">java.lang.RuntimeException: Boom!
	at com.xebialabs.xltest.reference.mvnjunitcucumber.p1.MvnJunitCucumber1Steps.willThrow(MvnJunitCucumber1Steps.java:31)
	at ✽.Then I will throw(com/xebialabs/xltest/reference/mvnjunitcucumber/p1/MvnJunitCucumber3Test.feature:6)
</error>
  </testcase>
  <testcase classname="Scenario: Perform a reference test" name="Scenario: Perform a reference test" time="0">
    <error message="Boom!" type="java.lang.RuntimeException">java.lang.RuntimeException: Boom!
	at com.xebialabs.xltest.reference.mvnjunitcucumber.p1.MvnJunitCucumber1Steps.willThrow(MvnJunitCucumber1Steps.java:31)
	at ✽.Then I will throw(com/xebialabs/xltest/reference/mvnjunitcucumber/p1/MvnJunitCucumber3Test.feature:6)
</error>
  </testcase>
</testsuite>